[16:57:53][INFO][org.springframework.test.context.TestContextManager]- @TestExecutionListeners is not present for class [class com.zjut.dao.HourAverageValueDaoTest]: using defaults. 
[16:57:53][INFO][org.springframework.beans.factory.xml.XmlBeanDefinitionReader]- Loading XML bean definitions from class path resource [spring-mybatis.xml] 
[16:57:53][INFO][org.springframework.beans.factory.xml.XmlBeanDefinitionReader]- Loading XML bean definitions from URL [file:/Users/yuanweipeng/Downloads/jwpd/jwpd-dao/target/classes/datasource/test.xml] 
[16:57:54][INFO][org.springframework.context.support.GenericApplicationContext]- Refreshing org.springframework.context.support.GenericApplicationContext@366e2eef: startup date [Tue Sep 05 16:57:53 CST 2017]; root of context hierarchy 
[16:57:54][INFO][org.springframework.context.support.PropertySourcesPlaceholderConfigurer]- Loading properties file from class path resource [mybatis/jdbc.properties] 
[16:57:54][INFO][com.mchange.v2.log.MLog]- MLog clients using slf4j logging. 
[16:57:54][INFO][com.mchange.v2.c3p0.C3P0Registry]- Initializing c3p0-0.9.5 [built 02-January-2015 13:25:04 -0500; debug? true; trace: 10] 
[16:57:55][INFO][com.mchange.v2.c3p0.impl.AbstractPoolBackedDataSource]- Initializing c3p0 pool... com.mchange.v2.c3p0.ComboPooledDataSource [ acquireIncrement -> 3, acquireRetryAttempts -> 30, acquireRetryDelay -> 1000, autoCommitOnClose -> false, automaticTestTable -> null, breakAfterAcquireFailure -> false, checkoutTimeout -> 0, connectionCustomizerClassName -> null, connectionTesterClassName -> com.mchange.v2.c3p0.impl.DefaultConnectionTester, contextClassLoaderSource -> caller, dataSourceName -> 1hge50s9qmjop9d827hrk|5158b42f, debugUnreturnedConnectionStackTraces -> false, description -> null, driverClass -> com.mysql.jdbc.Driver, extensions -> {}, factoryClassLocation -> null, forceIgnoreUnresolvedTransactions -> false, forceUseNamedDriverClass -> false, identityToken -> 1hge50s9qmjop9d827hrk|5158b42f, idleConnectionTestPeriod -> 600, initialPoolSize -> 20, jdbcUrl -> jdbc:mysql://127.0.0.1:3306/test?useUnicode=true&characterEncoding=utf-8, maxAdministrativeTaskTime -> 0, maxConnectionAge -> 0, maxIdleTime -> 0, maxIdleTimeExcessConnections -> 0, maxPoolSize -> 20, maxStatements -> 0, maxStatementsPerConnection -> 0, minPoolSize -> 20, numHelperThreads -> 3, preferredTestQuery -> null, privilegeSpawnedThreads -> false, properties -> {user=******, password=******}, propertyCycle -> 0, statementCacheNumDeferredCloseThreads -> 0, testConnectionOnCheckin -> false, testConnectionOnCheckout -> false, unreturnedConnectionTimeout -> 0, userOverrides -> {}, usesTraditionalReflectiveProxies -> false ] 
[16:57:55][DEBUG][com.zjut.dao.statistic.HourAverageValueDao.get]- ==>  Preparing: SELECT * FROM hour_avg_value WHERE created_time < ? AND created_time >= ?  
[16:57:55][DEBUG][com.zjut.dao.statistic.HourAverageValueDao.get]- ==> Parameters: 2017-09-06 16:57:55.298(Timestamp), 2017-09-05 16:57:55.298(Timestamp) 
[16:57:55][DEBUG][com.zjut.dao.statistic.HourAverageValueDao.get]- <==      Total: 0 
[16:57:55][INFO][org.springframework.context.support.GenericApplicationContext]- Closing org.springframework.context.support.GenericApplicationContext@366e2eef: startup date [Tue Sep 05 16:57:53 CST 2017]; root of context hierarchy 
[16:58:53][INFO][org.springframework.test.context.TestContextManager]- @TestExecutionListeners is not present for class [class com.zjut.dao.HourAverageValueDaoTest]: using defaults. 
[16:58:54][INFO][org.springframework.beans.factory.xml.XmlBeanDefinitionReader]- Loading XML bean definitions from class path resource [spring-mybatis.xml] 
[16:58:54][INFO][org.springframework.beans.factory.xml.XmlBeanDefinitionReader]- Loading XML bean definitions from URL [file:/Users/yuanweipeng/Downloads/jwpd/jwpd-dao/target/classes/datasource/test.xml] 
[16:58:55][INFO][org.springframework.context.support.GenericApplicationContext]- Refreshing org.springframework.context.support.GenericApplicationContext@366e2eef: startup date [Tue Sep 05 16:58:55 CST 2017]; root of context hierarchy 
[16:58:55][INFO][org.springframework.context.support.PropertySourcesPlaceholderConfigurer]- Loading properties file from class path resource [mybatis/jdbc.properties] 
[16:58:55][INFO][com.mchange.v2.log.MLog]- MLog clients using slf4j logging. 
[16:58:55][INFO][com.mchange.v2.c3p0.C3P0Registry]- Initializing c3p0-0.9.5 [built 02-January-2015 13:25:04 -0500; debug? true; trace: 10] 
[16:58:56][INFO][com.mchange.v2.c3p0.impl.AbstractPoolBackedDataSource]- Initializing c3p0 pool... com.mchange.v2.c3p0.ComboPooledDataSource [ acquireIncrement -> 3, acquireRetryAttempts -> 30, acquireRetryDelay -> 1000, autoCommitOnClose -> false, automaticTestTable -> null, breakAfterAcquireFailure -> false, checkoutTimeout -> 0, connectionCustomizerClassName -> null, connectionTesterClassName -> com.mchange.v2.c3p0.impl.DefaultConnectionTester, contextClassLoaderSource -> caller, dataSourceName -> 1hge50s9qmjq08j1t2wn0w|5158b42f, debugUnreturnedConnectionStackTraces -> false, description -> null, driverClass -> com.mysql.jdbc.Driver, extensions -> {}, factoryClassLocation -> null, forceIgnoreUnresolvedTransactions -> false, forceUseNamedDriverClass -> false, identityToken -> 1hge50s9qmjq08j1t2wn0w|5158b42f, idleConnectionTestPeriod -> 600, initialPoolSize -> 20, jdbcUrl -> jdbc:mysql://127.0.0.1:3306/test?useUnicode=true&characterEncoding=utf-8, maxAdministrativeTaskTime -> 0, maxConnectionAge -> 0, maxIdleTime -> 0, maxIdleTimeExcessConnections -> 0, maxPoolSize -> 20, maxStatements -> 0, maxStatementsPerConnection -> 0, minPoolSize -> 20, numHelperThreads -> 3, preferredTestQuery -> null, privilegeSpawnedThreads -> false, properties -> {user=******, password=******}, propertyCycle -> 0, statementCacheNumDeferredCloseThreads -> 0, testConnectionOnCheckin -> false, testConnectionOnCheckout -> false, unreturnedConnectionTimeout -> 0, userOverrides -> {}, usesTraditionalReflectiveProxies -> false ] 
[16:58:56][DEBUG][com.zjut.dao.statistic.HourAverageValueDao.get]- ==>  Preparing: SELECT * FROM hour_avg_value WHERE created_time < ? AND created_time >= ?  
[16:58:56][DEBUG][com.zjut.dao.statistic.HourAverageValueDao.get]- ==> Parameters: 2017-09-06 16:58:56.156(Timestamp), 2017-09-05 16:58:56.156(Timestamp) 
[16:58:56][DEBUG][com.zjut.dao.statistic.HourAverageValueDao.get]- <==      Total: 0 
[16:58:56][INFO][org.springframework.context.support.GenericApplicationContext]- Closing org.springframework.context.support.GenericApplicationContext@366e2eef: startup date [Tue Sep 05 16:58:55 CST 2017]; root of context hierarchy 
[17:19:49][INFO][org.springframework.test.context.TestContextManager]- @TestExecutionListeners is not present for class [class com.zjut.dao.HourAverageValueDaoTest]: using defaults. 
[17:19:49][INFO][org.springframework.beans.factory.xml.XmlBeanDefinitionReader]- Loading XML bean definitions from class path resource [spring-mybatis.xml] 
[17:19:50][INFO][org.springframework.beans.factory.xml.XmlBeanDefinitionReader]- Loading XML bean definitions from URL [file:/Users/yuanweipeng/Downloads/jwpd/jwpd-dao/target/classes/datasource/test.xml] 
[17:19:50][INFO][org.springframework.context.support.GenericApplicationContext]- Refreshing org.springframework.context.support.GenericApplicationContext@366e2eef: startup date [Tue Sep 05 17:19:50 CST 2017]; root of context hierarchy 
[17:19:50][INFO][org.springframework.context.support.PropertySourcesPlaceholderConfigurer]- Loading properties file from class path resource [mybatis/jdbc.properties] 
[17:19:50][INFO][com.mchange.v2.log.MLog]- MLog clients using slf4j logging. 
[17:19:50][INFO][com.mchange.v2.c3p0.C3P0Registry]- Initializing c3p0-0.9.5 [built 02-January-2015 13:25:04 -0500; debug? true; trace: 10] 
[17:19:52][INFO][com.mchange.v2.c3p0.impl.AbstractPoolBackedDataSource]- Initializing c3p0 pool... com.mchange.v2.c3p0.ComboPooledDataSource [ acquireIncrement -> 3, acquireRetryAttempts -> 30, acquireRetryDelay -> 1000, autoCommitOnClose -> false, automaticTestTable -> null, breakAfterAcquireFailure -> false, checkoutTimeout -> 0, connectionCustomizerClassName -> null, connectionTesterClassName -> com.mchange.v2.c3p0.impl.DefaultConnectionTester, contextClassLoaderSource -> caller, dataSourceName -> 1hge50s9qmkgwv2h291z8|72d1ad2e, debugUnreturnedConnectionStackTraces -> false, description -> null, driverClass -> com.mysql.jdbc.Driver, extensions -> {}, factoryClassLocation -> null, forceIgnoreUnresolvedTransactions -> false, forceUseNamedDriverClass -> false, identityToken -> 1hge50s9qmkgwv2h291z8|72d1ad2e, idleConnectionTestPeriod -> 600, initialPoolSize -> 20, jdbcUrl -> jdbc:mysql://127.0.0.1:3306/test?useUnicode=true&characterEncoding=utf-8, maxAdministrativeTaskTime -> 0, maxConnectionAge -> 0, maxIdleTime -> 0, maxIdleTimeExcessConnections -> 0, maxPoolSize -> 20, maxStatements -> 0, maxStatementsPerConnection -> 0, minPoolSize -> 20, numHelperThreads -> 3, preferredTestQuery -> null, privilegeSpawnedThreads -> false, properties -> {user=******, password=******}, propertyCycle -> 0, statementCacheNumDeferredCloseThreads -> 0, testConnectionOnCheckin -> false, testConnectionOnCheckout -> false, unreturnedConnectionTimeout -> 0, userOverrides -> {}, usesTraditionalReflectiveProxies -> false ] 
[17:19:52][DEBUG][com.zjut.dao.statistic.HourAverageValueDao.insert]- ==>  Preparing: INSERT INTO hour_avg_value(avg_value, created_time) VALUES (?, ?)  
[17:19:52][DEBUG][com.zjut.dao.statistic.HourAverageValueDao.insert]- ==> Parameters: 12(Integer), 2017-09-05 17:19:52.027(Timestamp) 
[17:19:52][DEBUG][com.zjut.dao.statistic.HourAverageValueDao.insert]- <==    Updates: 1 
[17:19:52][INFO][org.springframework.context.support.GenericApplicationContext]- Closing org.springframework.context.support.GenericApplicationContext@366e2eef: startup date [Tue Sep 05 17:19:50 CST 2017]; root of context hierarchy 
[17:24:40][INFO][org.springframework.test.context.TestContextManager]- @TestExecutionListeners is not present for class [class com.zjut.dao.HourAverageValueDaoTest]: using defaults. 
[17:24:41][INFO][org.springframework.beans.factory.xml.XmlBeanDefinitionReader]- Loading XML bean definitions from class path resource [spring-mybatis.xml] 
[17:24:41][INFO][org.springframework.beans.factory.xml.XmlBeanDefinitionReader]- Loading XML bean definitions from URL [file:/Users/yuanweipeng/Downloads/jwpd/jwpd-dao/target/classes/datasource/test.xml] 
[17:24:41][INFO][org.springframework.context.support.GenericApplicationContext]- Refreshing org.springframework.context.support.GenericApplicationContext@366e2eef: startup date [Tue Sep 05 17:24:41 CST 2017]; root of context hierarchy 
[17:24:42][INFO][org.springframework.context.support.PropertySourcesPlaceholderConfigurer]- Loading properties file from class path resource [mybatis/jdbc.properties] 
[17:24:42][INFO][com.mchange.v2.log.MLog]- MLog clients using slf4j logging. 
[17:24:42][INFO][com.mchange.v2.c3p0.C3P0Registry]- Initializing c3p0-0.9.5 [built 02-January-2015 13:25:04 -0500; debug? true; trace: 10] 
[17:24:43][INFO][com.mchange.v2.c3p0.impl.AbstractPoolBackedDataSource]- Initializing c3p0 pool... com.mchange.v2.c3p0.ComboPooledDataSource [ acquireIncrement -> 3, acquireRetryAttempts -> 30, acquireRetryDelay -> 1000, autoCommitOnClose -> false, automaticTestTable -> null, breakAfterAcquireFailure -> false, checkoutTimeout -> 0, connectionCustomizerClassName -> null, connectionTesterClassName -> com.mchange.v2.c3p0.impl.DefaultConnectionTester, contextClassLoaderSource -> caller, dataSourceName -> 1hge50s9qmkn62xs8hv2h|72d1ad2e, debugUnreturnedConnectionStackTraces -> false, description -> null, driverClass -> com.mysql.jdbc.Driver, extensions -> {}, factoryClassLocation -> null, forceIgnoreUnresolvedTransactions -> false, forceUseNamedDriverClass -> false, identityToken -> 1hge50s9qmkn62xs8hv2h|72d1ad2e, idleConnectionTestPeriod -> 600, initialPoolSize -> 20, jdbcUrl -> jdbc:mysql://127.0.0.1:3306/test?useUnicode=true&characterEncoding=utf-8, maxAdministrativeTaskTime -> 0, maxConnectionAge -> 0, maxIdleTime -> 0, maxIdleTimeExcessConnections -> 0, maxPoolSize -> 20, maxStatements -> 0, maxStatementsPerConnection -> 0, minPoolSize -> 20, numHelperThreads -> 3, preferredTestQuery -> null, privilegeSpawnedThreads -> false, properties -> {user=******, password=******}, propertyCycle -> 0, statementCacheNumDeferredCloseThreads -> 0, testConnectionOnCheckin -> false, testConnectionOnCheckout -> false, unreturnedConnectionTimeout -> 0, userOverrides -> {}, usesTraditionalReflectiveProxies -> false ] 
[17:24:43][DEBUG][com.zjut.dao.statistic.HourAverageValueDao.get]- ==>  Preparing: SELECT * FROM hour_avg_value WHERE created_time < ? AND created_time >= ?  
[17:24:43][DEBUG][com.zjut.dao.statistic.HourAverageValueDao.get]- ==> Parameters: 2017-09-06 17:24:43.341(Timestamp), 2017-09-05 17:24:43.341(Timestamp) 
[17:24:43][DEBUG][com.zjut.dao.statistic.HourAverageValueDao.get]- <==      Total: 0 
[17:24:43][INFO][org.springframework.context.support.GenericApplicationContext]- Closing org.springframework.context.support.GenericApplicationContext@366e2eef: startup date [Tue Sep 05 17:24:41 CST 2017]; root of context hierarchy 
[18:49:17][INFO][org.springframework.test.context.TestContextManager]- @TestExecutionListeners is not present for class [class com.zjut.dao.HourAverageValueDaoTest]: using defaults. 
[18:49:17][INFO][org.springframework.beans.factory.xml.XmlBeanDefinitionReader]- Loading XML bean definitions from class path resource [spring-mybatis.xml] 
[18:49:18][INFO][org.springframework.beans.factory.xml.XmlBeanDefinitionReader]- Loading XML bean definitions from URL [file:/Users/yuanweipeng/Downloads/jwpd/jwpd-dao/target/classes/datasource/test.xml] 
[18:49:18][INFO][org.springframework.context.support.GenericApplicationContext]- Refreshing org.springframework.context.support.GenericApplicationContext@366e2eef: startup date [Tue Sep 05 18:49:18 CST 2017]; root of context hierarchy 
[18:49:19][INFO][org.springframework.context.support.PropertySourcesPlaceholderConfigurer]- Loading properties file from class path resource [mybatis/jdbc.properties] 
[18:49:19][INFO][com.mchange.v2.log.MLog]- MLog clients using slf4j logging. 
[18:49:19][INFO][com.mchange.v2.c3p0.C3P0Registry]- Initializing c3p0-0.9.5 [built 02-January-2015 13:25:04 -0500; debug? true; trace: 10] 
[18:49:20][INFO][com.mchange.v2.c3p0.impl.AbstractPoolBackedDataSource]- Initializing c3p0 pool... com.mchange.v2.c3p0.ComboPooledDataSource [ acquireIncrement -> 3, acquireRetryAttempts -> 30, acquireRetryDelay -> 1000, autoCommitOnClose -> false, automaticTestTable -> null, breakAfterAcquireFailure -> false, checkoutTimeout -> 0, connectionCustomizerClassName -> null, connectionTesterClassName -> com.mchange.v2.c3p0.impl.DefaultConnectionTester, contextClassLoaderSource -> caller, dataSourceName -> 1hge50s9qmnnzkn1ag90cu|72d1ad2e, debugUnreturnedConnectionStackTraces -> false, description -> null, driverClass -> com.mysql.jdbc.Driver, extensions -> {}, factoryClassLocation -> null, forceIgnoreUnresolvedTransactions -> false, forceUseNamedDriverClass -> false, identityToken -> 1hge50s9qmnnzkn1ag90cu|72d1ad2e, idleConnectionTestPeriod -> 600, initialPoolSize -> 20, jdbcUrl -> jdbc:mysql://127.0.0.1:3306/test?useUnicode=true&characterEncoding=utf-8, maxAdministrativeTaskTime -> 0, maxConnectionAge -> 0, maxIdleTime -> 0, maxIdleTimeExcessConnections -> 0, maxPoolSize -> 20, maxStatements -> 0, maxStatementsPerConnection -> 0, minPoolSize -> 20, numHelperThreads -> 3, preferredTestQuery -> null, privilegeSpawnedThreads -> false, properties -> {user=******, password=******}, propertyCycle -> 0, statementCacheNumDeferredCloseThreads -> 0, testConnectionOnCheckin -> false, testConnectionOnCheckout -> false, unreturnedConnectionTimeout -> 0, userOverrides -> {}, usesTraditionalReflectiveProxies -> false ] 
[18:49:20][DEBUG][com.zjut.dao.statistic.HourAverageValueDao.get]- ==>  Preparing: SELECT * FROM hour_avg_value WHERE created_time < ? AND created_time >= ?  
[18:49:21][DEBUG][com.zjut.dao.statistic.HourAverageValueDao.get]- ==> Parameters: 2017-09-06 18:49:20.487(Timestamp), 2017-09-05 18:49:20.487(Timestamp) 
[18:49:21][DEBUG][com.zjut.dao.statistic.HourAverageValueDao.get]- <==      Total: 0 
[18:49:21][INFO][org.springframework.context.support.GenericApplicationContext]- Closing org.springframework.context.support.GenericApplicationContext@366e2eef: startup date [Tue Sep 05 18:49:18 CST 2017]; root of context hierarchy 
[18:53:01][INFO][org.springframework.test.context.TestContextManager]- @TestExecutionListeners is not present for class [class com.zjut.dao.HourAverageValueDaoTest]: using defaults. 
[18:53:01][INFO][org.springframework.beans.factory.xml.XmlBeanDefinitionReader]- Loading XML bean definitions from class path resource [spring-mybatis.xml] 
[18:53:02][INFO][org.springframework.beans.factory.xml.XmlBeanDefinitionReader]- Loading XML bean definitions from URL [file:/Users/yuanweipeng/Downloads/jwpd/jwpd-dao/target/classes/datasource/test.xml] 
[18:53:02][INFO][org.springframework.context.support.GenericApplicationContext]- Refreshing org.springframework.context.support.GenericApplicationContext@100fc185: startup date [Tue Sep 05 18:53:02 CST 2017]; root of context hierarchy 
[18:53:02][INFO][org.springframework.context.support.PropertySourcesPlaceholderConfigurer]- Loading properties file from class path resource [mybatis/jdbc.properties] 
[18:53:02][INFO][com.mchange.v2.log.MLog]- MLog clients using slf4j logging. 
[18:53:02][INFO][com.mchange.v2.c3p0.C3P0Registry]- Initializing c3p0-0.9.5 [built 02-January-2015 13:25:04 -0500; debug? true; trace: 10] 
[18:53:03][INFO][com.mchange.v2.c3p0.impl.AbstractPoolBackedDataSource]- Initializing c3p0 pool... com.mchange.v2.c3p0.ComboPooledDataSource [ acquireIncrement -> 3, acquireRetryAttempts -> 30, acquireRetryDelay -> 1000, autoCommitOnClose -> false, automaticTestTable -> null, breakAfterAcquireFailure -> false, checkoutTimeout -> 0, connectionCustomizerClassName -> null, connectionTesterClassName -> com.mchange.v2.c3p0.impl.DefaultConnectionTester, contextClassLoaderSource -> caller, dataSourceName -> 1hge50s9qmnsrh0idfmj8|2a65fe7c, debugUnreturnedConnectionStackTraces -> false, description -> null, driverClass -> com.mysql.jdbc.Driver, extensions -> {}, factoryClassLocation -> null, forceIgnoreUnresolvedTransactions -> false, forceUseNamedDriverClass -> false, identityToken -> 1hge50s9qmnsrh0idfmj8|2a65fe7c, idleConnectionTestPeriod -> 600, initialPoolSize -> 20, jdbcUrl -> jdbc:mysql://127.0.0.1:3306/test?useUnicode=true&characterEncoding=utf-8, maxAdministrativeTaskTime -> 0, maxConnectionAge -> 0, maxIdleTime -> 0, maxIdleTimeExcessConnections -> 0, maxPoolSize -> 20, maxStatements -> 0, maxStatementsPerConnection -> 0, minPoolSize -> 20, numHelperThreads -> 3, preferredTestQuery -> null, privilegeSpawnedThreads -> false, properties -> {user=******, password=******}, propertyCycle -> 0, statementCacheNumDeferredCloseThreads -> 0, testConnectionOnCheckin -> false, testConnectionOnCheckout -> false, unreturnedConnectionTimeout -> 0, userOverrides -> {}, usesTraditionalReflectiveProxies -> false ] 
[18:53:03][DEBUG][com.zjut.dao.statistic.HourAverageValueDao.get]- ==>  Preparing: SELECT * FROM hour_avg_value WHERE created_time < ? AND created_time >= ?  
[18:53:03][DEBUG][com.zjut.dao.statistic.HourAverageValueDao.get]- ==> Parameters: 2017-09-06 18:53:03.015(Timestamp), 2017-09-05 18:53:03.015(Timestamp) 
[18:53:03][DEBUG][com.zjut.dao.statistic.HourAverageValueDao.get]- <==      Total: 0 
[18:53:03][DEBUG][com.zjut.dao.statistic.HourAverageValueDao.insert]- ==>  Preparing: INSERT INTO hour_avg_value(avg_value, created_time) VALUES (?, ?)  
[18:53:03][DEBUG][com.zjut.dao.statistic.HourAverageValueDao.insert]- ==> Parameters: 12(Integer), 2017-09-05 18:53:03.627(Timestamp) 
[18:53:03][DEBUG][com.zjut.dao.statistic.HourAverageValueDao.insert]- <==    Updates: 1 
[18:53:03][INFO][org.springframework.context.support.GenericApplicationContext]- Closing org.springframework.context.support.GenericApplicationContext@100fc185: startup date [Tue Sep 05 18:53:02 CST 2017]; root of context hierarchy 
[18:55:56][INFO][org.springframework.test.context.TestContextManager]- @TestExecutionListeners is not present for class [class com.zjut.dao.HourAverageValueDaoTest]: using defaults. 
[18:55:56][INFO][org.springframework.beans.factory.xml.XmlBeanDefinitionReader]- Loading XML bean definitions from class path resource [spring-mybatis.xml] 
[18:55:56][INFO][org.springframework.beans.factory.xml.XmlBeanDefinitionReader]- Loading XML bean definitions from URL [file:/Users/yuanweipeng/Downloads/jwpd/jwpd-dao/target/classes/datasource/test.xml] 
[18:55:56][INFO][org.springframework.context.support.GenericApplicationContext]- Refreshing org.springframework.context.support.GenericApplicationContext@100fc185: startup date [Tue Sep 05 18:55:56 CST 2017]; root of context hierarchy 
[18:55:57][INFO][org.springframework.context.support.PropertySourcesPlaceholderConfigurer]- Loading properties file from class path resource [mybatis/jdbc.properties] 
[18:55:57][INFO][com.mchange.v2.log.MLog]- MLog clients using slf4j logging. 
[18:55:57][INFO][com.mchange.v2.c3p0.C3P0Registry]- Initializing c3p0-0.9.5 [built 02-January-2015 13:25:04 -0500; debug? true; trace: 10] 
[18:55:57][INFO][com.mchange.v2.c3p0.impl.AbstractPoolBackedDataSource]- Initializing c3p0 pool... com.mchange.v2.c3p0.ComboPooledDataSource [ acquireIncrement -> 3, acquireRetryAttempts -> 30, acquireRetryDelay -> 1000, autoCommitOnClose -> false, automaticTestTable -> null, breakAfterAcquireFailure -> false, checkoutTimeout -> 0, connectionCustomizerClassName -> null, connectionTesterClassName -> com.mchange.v2.c3p0.impl.DefaultConnectionTester, contextClassLoaderSource -> caller, dataSourceName -> 1hge50s9qmnwia3fdf1qu|2a65fe7c, debugUnreturnedConnectionStackTraces -> false, description -> null, driverClass -> com.mysql.jdbc.Driver, extensions -> {}, factoryClassLocation -> null, forceIgnoreUnresolvedTransactions -> false, forceUseNamedDriverClass -> false, identityToken -> 1hge50s9qmnwia3fdf1qu|2a65fe7c, idleConnectionTestPeriod -> 600, initialPoolSize -> 20, jdbcUrl -> jdbc:mysql://127.0.0.1:3306/test?useUnicode=true&characterEncoding=utf-8, maxAdministrativeTaskTime -> 0, maxConnectionAge -> 0, maxIdleTime -> 0, maxIdleTimeExcessConnections -> 0, maxPoolSize -> 20, maxStatements -> 0, maxStatementsPerConnection -> 0, minPoolSize -> 20, numHelperThreads -> 3, preferredTestQuery -> null, privilegeSpawnedThreads -> false, properties -> {user=******, password=******}, propertyCycle -> 0, statementCacheNumDeferredCloseThreads -> 0, testConnectionOnCheckin -> false, testConnectionOnCheckout -> false, unreturnedConnectionTimeout -> 0, userOverrides -> {}, usesTraditionalReflectiveProxies -> false ] 
[18:55:58][DEBUG][com.zjut.dao.statistic.HourAverageValueDao.get]- ==>  Preparing: SELECT * FROM hour_avg_value WHERE created_time < ? AND created_time >= ?  
[18:55:58][DEBUG][com.zjut.dao.statistic.HourAverageValueDao.get]- ==> Parameters: 2017-09-06 18:55:57.714(Timestamp), 2017-09-05 18:55:57.714(Timestamp) 
[18:55:58][DEBUG][com.zjut.dao.statistic.HourAverageValueDao.get]- <==      Total: 0 
[18:55:58][DEBUG][com.zjut.dao.statistic.HourAverageValueDao.insert]- ==>  Preparing: INSERT INTO hour_avg_value(avg_value, created_time) VALUES (?, ?)  
[18:55:58][DEBUG][com.zjut.dao.statistic.HourAverageValueDao.insert]- ==> Parameters: 12(Integer), 2017-09-05 18:55:58.252(Timestamp) 
[18:55:58][DEBUG][com.zjut.dao.statistic.HourAverageValueDao.insert]- <==    Updates: 1 
[18:55:58][INFO][org.springframework.context.support.GenericApplicationContext]- Closing org.springframework.context.support.GenericApplicationContext@100fc185: startup date [Tue Sep 05 18:55:56 CST 2017]; root of context hierarchy 
[19:03:17][INFO][org.springframework.test.context.TestContextManager]- @TestExecutionListeners is not present for class [class com.zjut.dao.HourAverageValueDaoTest]: using defaults. 
[19:03:17][INFO][org.springframework.beans.factory.xml.XmlBeanDefinitionReader]- Loading XML bean definitions from class path resource [spring-mybatis.xml] 
[19:03:17][INFO][org.springframework.beans.factory.xml.XmlBeanDefinitionReader]- Loading XML bean definitions from URL [file:/Users/yuanweipeng/Downloads/jwpd/jwpd-dao/target/classes/datasource/test.xml] 
[19:03:17][INFO][org.springframework.context.support.GenericApplicationContext]- Refreshing org.springframework.context.support.GenericApplicationContext@100fc185: startup date [Tue Sep 05 19:03:17 CST 2017]; root of context hierarchy 
[19:03:17][INFO][org.springframework.context.support.PropertySourcesPlaceholderConfigurer]- Loading properties file from class path resource [mybatis/jdbc.properties] 
[19:03:18][INFO][com.mchange.v2.log.MLog]- MLog clients using slf4j logging. 
[19:03:18][INFO][com.mchange.v2.c3p0.C3P0Registry]- Initializing c3p0-0.9.5 [built 02-January-2015 13:25:04 -0500; debug? true; trace: 10] 
[19:03:18][INFO][com.mchange.v2.c3p0.impl.AbstractPoolBackedDataSource]- Initializing c3p0 pool... com.mchange.v2.c3p0.ComboPooledDataSource [ acquireIncrement -> 3, acquireRetryAttempts -> 30, acquireRetryDelay -> 1000, autoCommitOnClose -> false, automaticTestTable -> null, breakAfterAcquireFailure -> false, checkoutTimeout -> 0, connectionCustomizerClassName -> null, connectionTesterClassName -> com.mchange.v2.c3p0.impl.DefaultConnectionTester, contextClassLoaderSource -> caller, dataSourceName -> 1hge50s9qmo5yia1t9hce2|2a65fe7c, debugUnreturnedConnectionStackTraces -> false, description -> null, driverClass -> com.mysql.jdbc.Driver, extensions -> {}, factoryClassLocation -> null, forceIgnoreUnresolvedTransactions -> false, forceUseNamedDriverClass -> false, identityToken -> 1hge50s9qmo5yia1t9hce2|2a65fe7c, idleConnectionTestPeriod -> 600, initialPoolSize -> 20, jdbcUrl -> jdbc:mysql://127.0.0.1:3306/test?useUnicode=true&characterEncoding=utf-8, maxAdministrativeTaskTime -> 0, maxConnectionAge -> 0, maxIdleTime -> 0, maxIdleTimeExcessConnections -> 0, maxPoolSize -> 20, maxStatements -> 0, maxStatementsPerConnection -> 0, minPoolSize -> 20, numHelperThreads -> 3, preferredTestQuery -> null, privilegeSpawnedThreads -> false, properties -> {user=******, password=******}, propertyCycle -> 0, statementCacheNumDeferredCloseThreads -> 0, testConnectionOnCheckin -> false, testConnectionOnCheckout -> false, unreturnedConnectionTimeout -> 0, userOverrides -> {}, usesTraditionalReflectiveProxies -> false ] 
[19:03:19][DEBUG][com.zjut.dao.statistic.HourAverageValueDao.get]- ==>  Preparing: SELECT * FROM hour_avg_value WHERE created_time < ? AND created_time >= ?  
[19:03:19][DEBUG][com.zjut.dao.statistic.HourAverageValueDao.get]- ==> Parameters: 2017-09-06 19:03:18.662(Timestamp), 2017-09-05 19:03:18.662(Timestamp) 
[19:03:19][DEBUG][com.zjut.dao.statistic.HourAverageValueDao.get]- <==      Total: 0 
[19:03:19][DEBUG][com.zjut.dao.statistic.HourAverageValueDao.insert]- ==>  Preparing: INSERT INTO hour_avg_value(avg_value, created_time) VALUES (?, ?)  
[19:03:19][DEBUG][com.zjut.dao.statistic.HourAverageValueDao.insert]- ==> Parameters: 12(Integer), 2017-09-05 19:03:19.182(Timestamp) 
[19:03:19][DEBUG][com.zjut.dao.statistic.HourAverageValueDao.insert]- <==    Updates: 1 
[19:03:19][INFO][org.springframework.context.support.GenericApplicationContext]- Closing org.springframework.context.support.GenericApplicationContext@100fc185: startup date [Tue Sep 05 19:03:17 CST 2017]; root of context hierarchy 
[19:03:52][INFO][org.springframework.test.context.TestContextManager]- @TestExecutionListeners is not present for class [class com.zjut.dao.HourAverageValueDaoTest]: using defaults. 
[19:03:53][INFO][org.springframework.beans.factory.xml.XmlBeanDefinitionReader]- Loading XML bean definitions from class path resource [spring-mybatis.xml] 
[19:03:53][INFO][org.springframework.beans.factory.xml.XmlBeanDefinitionReader]- Loading XML bean definitions from URL [file:/Users/yuanweipeng/Downloads/jwpd/jwpd-dao/target/classes/datasource/test.xml] 
[19:03:53][INFO][org.springframework.context.support.GenericApplicationContext]- Refreshing org.springframework.context.support.GenericApplicationContext@100fc185: startup date [Tue Sep 05 19:03:53 CST 2017]; root of context hierarchy 
[19:03:53][INFO][org.springframework.context.support.PropertySourcesPlaceholderConfigurer]- Loading properties file from class path resource [mybatis/jdbc.properties] 
[19:03:53][INFO][com.mchange.v2.log.MLog]- MLog clients using slf4j logging. 
[19:03:53][INFO][com.mchange.v2.c3p0.C3P0Registry]- Initializing c3p0-0.9.5 [built 02-January-2015 13:25:04 -0500; debug? true; trace: 10] 
[19:03:53][INFO][com.mchange.v2.c3p0.impl.AbstractPoolBackedDataSource]- Initializing c3p0 pool... com.mchange.v2.c3p0.ComboPooledDataSource [ acquireIncrement -> 3, acquireRetryAttempts -> 30, acquireRetryDelay -> 1000, autoCommitOnClose -> false, automaticTestTable -> null, breakAfterAcquireFailure -> false, checkoutTimeout -> 0, connectionCustomizerClassName -> null, connectionTesterClassName -> com.mchange.v2.c3p0.impl.DefaultConnectionTester, contextClassLoaderSource -> caller, dataSourceName -> 1hge50s9qmo6pn5x9kvnd|2a65fe7c, debugUnreturnedConnectionStackTraces -> false, description -> null, driverClass -> com.mysql.jdbc.Driver, extensions -> {}, factoryClassLocation -> null, forceIgnoreUnresolvedTransactions -> false, forceUseNamedDriverClass -> false, identityToken -> 1hge50s9qmo6pn5x9kvnd|2a65fe7c, idleConnectionTestPeriod -> 600, initialPoolSize -> 20, jdbcUrl -> jdbc:mysql://127.0.0.1:3306/test?useUnicode=true&characterEncoding=utf-8, maxAdministrativeTaskTime -> 0, maxConnectionAge -> 0, maxIdleTime -> 0, maxIdleTimeExcessConnections -> 0, maxPoolSize -> 20, maxStatements -> 0, maxStatementsPerConnection -> 0, minPoolSize -> 20, numHelperThreads -> 3, preferredTestQuery -> null, privilegeSpawnedThreads -> false, properties -> {user=******, password=******}, propertyCycle -> 0, statementCacheNumDeferredCloseThreads -> 0, testConnectionOnCheckin -> false, testConnectionOnCheckout -> false, unreturnedConnectionTimeout -> 0, userOverrides -> {}, usesTraditionalReflectiveProxies -> false ] 
[19:03:54][DEBUG][com.zjut.dao.statistic.HourAverageValueDao.get]- ==>  Preparing: SELECT * FROM hour_avg_value WHERE created_time < ? AND created_time >= ?  
[19:03:54][DEBUG][com.zjut.dao.statistic.HourAverageValueDao.get]- ==> Parameters: 2017-09-06 19:03:53.859(Timestamp), 2017-09-05 19:03:53.859(Timestamp) 
[19:03:54][DEBUG][com.zjut.dao.statistic.HourAverageValueDao.get]- <==      Total: 0 
[19:03:54][DEBUG][com.zjut.dao.statistic.HourAverageValueDao.insert]- ==>  Preparing: INSERT INTO hour_avg_value(avg_value, created_time) VALUES (?, ?)  
[19:03:54][DEBUG][com.zjut.dao.statistic.HourAverageValueDao.insert]- ==> Parameters: 12(Integer), 2017-09-05 19:03:54.382(Timestamp) 
[19:03:54][DEBUG][com.zjut.dao.statistic.HourAverageValueDao.insert]- <==    Updates: 1 
[19:03:54][INFO][org.springframework.context.support.GenericApplicationContext]- Closing org.springframework.context.support.GenericApplicationContext@100fc185: startup date [Tue Sep 05 19:03:53 CST 2017]; root of context hierarchy 
[19:04:39][INFO][org.springframework.test.context.TestContextManager]- @TestExecutionListeners is not present for class [class com.zjut.dao.HourAverageValueDaoTest]: using defaults. 
[19:04:39][INFO][org.springframework.beans.factory.xml.XmlBeanDefinitionReader]- Loading XML bean definitions from class path resource [spring-mybatis.xml] 
[19:04:39][INFO][org.springframework.beans.factory.xml.XmlBeanDefinitionReader]- Loading XML bean definitions from URL [file:/Users/yuanweipeng/Downloads/jwpd/jwpd-dao/target/classes/datasource/test.xml] 
[19:04:39][INFO][org.springframework.context.support.GenericApplicationContext]- Refreshing org.springframework.context.support.GenericApplicationContext@100fc185: startup date [Tue Sep 05 19:04:39 CST 2017]; root of context hierarchy 
[19:04:40][INFO][org.springframework.context.support.PropertySourcesPlaceholderConfigurer]- Loading properties file from class path resource [mybatis/jdbc.properties] 
[19:04:40][INFO][com.mchange.v2.log.MLog]- MLog clients using slf4j logging. 
[19:04:40][INFO][com.mchange.v2.c3p0.C3P0Registry]- Initializing c3p0-0.9.5 [built 02-January-2015 13:25:04 -0500; debug? true; trace: 10] 
[19:04:40][INFO][com.mchange.v2.c3p0.impl.AbstractPoolBackedDataSource]- Initializing c3p0 pool... com.mchange.v2.c3p0.ComboPooledDataSource [ acquireIncrement -> 3, acquireRetryAttempts -> 30, acquireRetryDelay -> 1000, autoCommitOnClose -> false, automaticTestTable -> null, breakAfterAcquireFailure -> false, checkoutTimeout -> 0, connectionCustomizerClassName -> null, connectionTesterClassName -> com.mchange.v2.c3p0.impl.DefaultConnectionTester, contextClassLoaderSource -> caller, dataSourceName -> 1hge50s9qmo7pnt13k1ibm|2a65fe7c, debugUnreturnedConnectionStackTraces -> false, description -> null, driverClass -> com.mysql.jdbc.Driver, extensions -> {}, factoryClassLocation -> null, forceIgnoreUnresolvedTransactions -> false, forceUseNamedDriverClass -> false, identityToken -> 1hge50s9qmo7pnt13k1ibm|2a65fe7c, idleConnectionTestPeriod -> 600, initialPoolSize -> 20, jdbcUrl -> jdbc:mysql://127.0.0.1:3306/test?useUnicode=true&characterEncoding=utf-8, maxAdministrativeTaskTime -> 0, maxConnectionAge -> 0, maxIdleTime -> 0, maxIdleTimeExcessConnections -> 0, maxPoolSize -> 20, maxStatements -> 0, maxStatementsPerConnection -> 0, minPoolSize -> 20, numHelperThreads -> 3, preferredTestQuery -> null, privilegeSpawnedThreads -> false, properties -> {user=******, password=******}, propertyCycle -> 0, statementCacheNumDeferredCloseThreads -> 0, testConnectionOnCheckin -> false, testConnectionOnCheckout -> false, unreturnedConnectionTimeout -> 0, userOverrides -> {}, usesTraditionalReflectiveProxies -> false ] 
[19:04:40][DEBUG][com.zjut.dao.statistic.HourAverageValueDao.get]- ==>  Preparing: SELECT * FROM hour_avg_value WHERE created_time < ? AND created_time >= ?  
[19:04:40][DEBUG][com.zjut.dao.statistic.HourAverageValueDao.get]- ==> Parameters: 2017-09-06 19:04:40.543(Timestamp), 2017-09-05 19:04:40.543(Timestamp) 
[19:04:41][DEBUG][com.zjut.dao.statistic.HourAverageValueDao.get]- <==      Total: 0 
[19:04:41][DEBUG][com.zjut.dao.statistic.HourAverageValueDao.insert]- ==>  Preparing: INSERT INTO hour_avg_value(avg_value, created_time) VALUES (?, ?)  
[19:04:41][DEBUG][com.zjut.dao.statistic.HourAverageValueDao.insert]- ==> Parameters: 12(Integer), 2017-09-05 19:04:41.069(Timestamp) 
[19:04:41][DEBUG][com.zjut.dao.statistic.HourAverageValueDao.insert]- <==    Updates: 1 
[19:04:41][INFO][org.springframework.context.support.GenericApplicationContext]- Closing org.springframework.context.support.GenericApplicationContext@100fc185: startup date [Tue Sep 05 19:04:39 CST 2017]; root of context hierarchy 
[19:06:38][INFO][org.springframework.test.context.TestContextManager]- @TestExecutionListeners is not present for class [class com.zjut.dao.HourAverageValueDaoTest]: using defaults. 
[19:06:38][INFO][org.springframework.beans.factory.xml.XmlBeanDefinitionReader]- Loading XML bean definitions from class path resource [spring-mybatis.xml] 
[19:06:38][INFO][org.springframework.beans.factory.xml.XmlBeanDefinitionReader]- Loading XML bean definitions from URL [file:/Users/yuanweipeng/Downloads/jwpd/jwpd-dao/target/classes/datasource/test.xml] 
[19:06:38][INFO][org.springframework.context.support.GenericApplicationContext]- Refreshing org.springframework.context.support.GenericApplicationContext@100fc185: startup date [Tue Sep 05 19:06:38 CST 2017]; root of context hierarchy 
[19:06:38][INFO][org.springframework.context.support.PropertySourcesPlaceholderConfigurer]- Loading properties file from class path resource [mybatis/jdbc.properties] 
[19:06:38][INFO][com.mchange.v2.log.MLog]- MLog clients using slf4j logging. 
[19:06:39][INFO][com.mchange.v2.c3p0.C3P0Registry]- Initializing c3p0-0.9.5 [built 02-January-2015 13:25:04 -0500; debug? true; trace: 10] 
[19:06:39][INFO][com.mchange.v2.c3p0.impl.AbstractPoolBackedDataSource]- Initializing c3p0 pool... com.mchange.v2.c3p0.ComboPooledDataSource [ acquireIncrement -> 3, acquireRetryAttempts -> 30, acquireRetryDelay -> 1000, autoCommitOnClose -> false, automaticTestTable -> null, breakAfterAcquireFailure -> false, checkoutTimeout -> 0, connectionCustomizerClassName -> null, connectionTesterClassName -> com.mchange.v2.c3p0.impl.DefaultConnectionTester, contextClassLoaderSource -> caller, dataSourceName -> 1hge50s9qmoa9idgm7zxq|2a65fe7c, debugUnreturnedConnectionStackTraces -> false, description -> null, driverClass -> com.mysql.jdbc.Driver, extensions -> {}, factoryClassLocation -> null, forceIgnoreUnresolvedTransactions -> false, forceUseNamedDriverClass -> false, identityToken -> 1hge50s9qmoa9idgm7zxq|2a65fe7c, idleConnectionTestPeriod -> 600, initialPoolSize -> 20, jdbcUrl -> jdbc:mysql://127.0.0.1:3306/test?useUnicode=true&characterEncoding=utf-8, maxAdministrativeTaskTime -> 0, maxConnectionAge -> 0, maxIdleTime -> 0, maxIdleTimeExcessConnections -> 0, maxPoolSize -> 20, maxStatements -> 0, maxStatementsPerConnection -> 0, minPoolSize -> 20, numHelperThreads -> 3, preferredTestQuery -> null, privilegeSpawnedThreads -> false, properties -> {user=******, password=******}, propertyCycle -> 0, statementCacheNumDeferredCloseThreads -> 0, testConnectionOnCheckin -> false, testConnectionOnCheckout -> false, unreturnedConnectionTimeout -> 0, userOverrides -> {}, usesTraditionalReflectiveProxies -> false ] 
[19:06:39][DEBUG][com.zjut.dao.statistic.HourAverageValueDao.get]- ==>  Preparing: SELECT * FROM hour_avg_value WHERE created_time < ? AND created_time >= ?  
[19:06:40][DEBUG][com.zjut.dao.statistic.HourAverageValueDao.get]- ==> Parameters: 2017-09-06 19:06:39.535(Timestamp), 2017-09-05 19:06:39.535(Timestamp) 
[19:06:40][DEBUG][com.zjut.dao.statistic.HourAverageValueDao.get]- <==      Total: 0 
[19:06:40][DEBUG][com.zjut.dao.statistic.HourAverageValueDao.insert]- ==>  Preparing: INSERT INTO hour_avg_value(avg_value, created_time) VALUES (?, ?)  
[19:06:40][DEBUG][com.zjut.dao.statistic.HourAverageValueDao.insert]- ==> Parameters: 12(Integer), 2017-09-05 19:06:40.134(Timestamp) 
[19:06:40][DEBUG][com.zjut.dao.statistic.HourAverageValueDao.insert]- <==    Updates: 1 
[19:06:40][INFO][org.springframework.context.support.GenericApplicationContext]- Closing org.springframework.context.support.GenericApplicationContext@100fc185: startup date [Tue Sep 05 19:06:38 CST 2017]; root of context hierarchy 
[19:09:15][INFO][org.springframework.test.context.TestContextManager]- @TestExecutionListeners is not present for class [class com.zjut.dao.HourAverageValueDaoTest]: using defaults. 
[19:09:16][INFO][org.springframework.beans.factory.xml.XmlBeanDefinitionReader]- Loading XML bean definitions from class path resource [spring-mybatis.xml] 
[19:09:16][INFO][org.springframework.beans.factory.xml.XmlBeanDefinitionReader]- Loading XML bean definitions from URL [file:/Users/yuanweipeng/Downloads/jwpd/jwpd-dao/target/classes/datasource/test.xml] 
[19:09:16][INFO][org.springframework.context.support.GenericApplicationContext]- Refreshing org.springframework.context.support.GenericApplicationContext@100fc185: startup date [Tue Sep 05 19:09:16 CST 2017]; root of context hierarchy 
[19:09:16][INFO][org.springframework.context.support.PropertySourcesPlaceholderConfigurer]- Loading properties file from class path resource [mybatis/jdbc.properties] 
[19:09:16][INFO][com.mchange.v2.log.MLog]- MLog clients using slf4j logging. 
[19:09:16][INFO][com.mchange.v2.c3p0.C3P0Registry]- Initializing c3p0-0.9.5 [built 02-January-2015 13:25:04 -0500; debug? true; trace: 10] 
[19:09:17][INFO][com.mchange.v2.c3p0.impl.AbstractPoolBackedDataSource]- Initializing c3p0 pool... com.mchange.v2.c3p0.ComboPooledDataSource [ acquireIncrement -> 3, acquireRetryAttempts -> 30, acquireRetryDelay -> 1000, autoCommitOnClose -> false, automaticTestTable -> null, breakAfterAcquireFailure -> false, checkoutTimeout -> 0, connectionCustomizerClassName -> null, connectionTesterClassName -> com.mchange.v2.c3p0.impl.DefaultConnectionTester, contextClassLoaderSource -> caller, dataSourceName -> 1hge50s9qmodn3d1i5m6ly|2a65fe7c, debugUnreturnedConnectionStackTraces -> false, description -> null, driverClass -> com.mysql.jdbc.Driver, extensions -> {}, factoryClassLocation -> null, forceIgnoreUnresolvedTransactions -> false, forceUseNamedDriverClass -> false, identityToken -> 1hge50s9qmodn3d1i5m6ly|2a65fe7c, idleConnectionTestPeriod -> 600, initialPoolSize -> 20, jdbcUrl -> jdbc:mysql://127.0.0.1:3306/test?useUnicode=true&characterEncoding=utf-8, maxAdministrativeTaskTime -> 0, maxConnectionAge -> 0, maxIdleTime -> 0, maxIdleTimeExcessConnections -> 0, maxPoolSize -> 20, maxStatements -> 0, maxStatementsPerConnection -> 0, minPoolSize -> 20, numHelperThreads -> 3, preferredTestQuery -> null, privilegeSpawnedThreads -> false, properties -> {user=******, password=******}, propertyCycle -> 0, statementCacheNumDeferredCloseThreads -> 0, testConnectionOnCheckin -> false, testConnectionOnCheckout -> false, unreturnedConnectionTimeout -> 0, userOverrides -> {}, usesTraditionalReflectiveProxies -> false ] 
[19:09:17][DEBUG][com.zjut.dao.statistic.HourAverageValueDao.get]- ==>  Preparing: SELECT * FROM hour_avg_value WHERE created_time < ? AND created_time >= ?  
[19:09:17][DEBUG][com.zjut.dao.statistic.HourAverageValueDao.get]- ==> Parameters: 2017-09-06 19:09:17.145(Timestamp), 2017-09-05 19:09:17.144(Timestamp) 
[19:09:17][DEBUG][com.zjut.dao.statistic.HourAverageValueDao.get]- <==      Total: 0 
[19:09:17][DEBUG][com.zjut.dao.statistic.HourAverageValueDao.insert]- ==>  Preparing: INSERT INTO hour_avg_value(avg_value, created_time) VALUES (?, ?)  
[19:09:17][DEBUG][com.zjut.dao.statistic.HourAverageValueDao.insert]- ==> Parameters: 12(Integer), 2017-09-05 19:09:17.725(Timestamp) 
[19:09:17][DEBUG][com.zjut.dao.statistic.HourAverageValueDao.insert]- <==    Updates: 1 
[19:09:17][INFO][org.springframework.context.support.GenericApplicationContext]- Closing org.springframework.context.support.GenericApplicationContext@100fc185: startup date [Tue Sep 05 19:09:16 CST 2017]; root of context hierarchy 
[19:11:04][INFO][org.springframework.test.context.TestContextManager]- @TestExecutionListeners is not present for class [class com.zjut.dao.HourAverageValueDaoTest]: using defaults. 
[19:11:04][INFO][org.springframework.beans.factory.xml.XmlBeanDefinitionReader]- Loading XML bean definitions from class path resource [spring-mybatis.xml] 
[19:11:04][INFO][org.springframework.beans.factory.xml.XmlBeanDefinitionReader]- Loading XML bean definitions from URL [file:/Users/yuanweipeng/Downloads/jwpd/jwpd-dao/target/classes/datasource/test.xml] 
[19:11:04][INFO][org.springframework.context.support.GenericApplicationContext]- Refreshing org.springframework.context.support.GenericApplicationContext@100fc185: startup date [Tue Sep 05 19:11:04 CST 2017]; root of context hierarchy 
[19:11:04][INFO][org.springframework.context.support.PropertySourcesPlaceholderConfigurer]- Loading properties file from class path resource [mybatis/jdbc.properties] 
[19:11:04][INFO][com.mchange.v2.log.MLog]- MLog clients using slf4j logging. 
[19:11:04][INFO][com.mchange.v2.c3p0.C3P0Registry]- Initializing c3p0-0.9.5 [built 02-January-2015 13:25:04 -0500; debug? true; trace: 10] 
[19:11:05][INFO][com.mchange.v2.c3p0.impl.AbstractPoolBackedDataSource]- Initializing c3p0 pool... com.mchange.v2.c3p0.ComboPooledDataSource [ acquireIncrement -> 3, acquireRetryAttempts -> 30, acquireRetryDelay -> 1000, autoCommitOnClose -> false, automaticTestTable -> null, breakAfterAcquireFailure -> false, checkoutTimeout -> 0, connectionCustomizerClassName -> null, connectionTesterClassName -> com.mchange.v2.c3p0.impl.DefaultConnectionTester, contextClassLoaderSource -> caller, dataSourceName -> 1hge50s9qmofyg11wfyt4w|2a65fe7c, debugUnreturnedConnectionStackTraces -> false, description -> null, driverClass -> com.mysql.jdbc.Driver, extensions -> {}, factoryClassLocation -> null, forceIgnoreUnresolvedTransactions -> false, forceUseNamedDriverClass -> false, identityToken -> 1hge50s9qmofyg11wfyt4w|2a65fe7c, idleConnectionTestPeriod -> 600, initialPoolSize -> 20, jdbcUrl -> jdbc:mysql://127.0.0.1:3306/test?useUnicode=true&characterEncoding=utf-8, maxAdministrativeTaskTime -> 0, maxConnectionAge -> 0, maxIdleTime -> 0, maxIdleTimeExcessConnections -> 0, maxPoolSize -> 20, maxStatements -> 0, maxStatementsPerConnection -> 0, minPoolSize -> 20, numHelperThreads -> 3, preferredTestQuery -> null, privilegeSpawnedThreads -> false, properties -> {user=******, password=******}, propertyCycle -> 0, statementCacheNumDeferredCloseThreads -> 0, testConnectionOnCheckin -> false, testConnectionOnCheckout -> false, unreturnedConnectionTimeout -> 0, userOverrides -> {}, usesTraditionalReflectiveProxies -> false ] 
[19:11:05][DEBUG][com.zjut.dao.statistic.HourAverageValueDao.get]- ==>  Preparing: SELECT * FROM hour_avg_value WHERE created_time < ? AND created_time >= ?  
[19:11:05][DEBUG][com.zjut.dao.statistic.HourAverageValueDao.get]- ==> Parameters: 2017-09-06 19:11:05.205(Timestamp), 2017-09-05 19:11:05.205(Timestamp) 
[19:11:05][DEBUG][com.zjut.dao.statistic.HourAverageValueDao.get]- <==      Total: 0 
[19:11:05][DEBUG][com.zjut.dao.statistic.HourAverageValueDao.insert]- ==>  Preparing: INSERT INTO hour_avg_value(avg_value, created_time) VALUES (?, ?)  
[19:11:05][DEBUG][com.zjut.dao.statistic.HourAverageValueDao.insert]- ==> Parameters: 12(Integer), 2017-09-05 19:11:05.813(Timestamp) 
[19:11:05][DEBUG][com.zjut.dao.statistic.HourAverageValueDao.insert]- <==    Updates: 1 
[19:11:05][INFO][org.springframework.context.support.GenericApplicationContext]- Closing org.springframework.context.support.GenericApplicationContext@100fc185: startup date [Tue Sep 05 19:11:04 CST 2017]; root of context hierarchy 
[20:33:46][INFO][org.springframework.test.context.TestContextManager]- @TestExecutionListeners is not present for class [class com.zjut.dao.HourAverageValueDaoTest]: using defaults. 
[20:33:46][INFO][org.springframework.beans.factory.xml.XmlBeanDefinitionReader]- Loading XML bean definitions from class path resource [spring-mybatis.xml] 
[20:33:47][INFO][org.springframework.beans.factory.xml.XmlBeanDefinitionReader]- Loading XML bean definitions from URL [file:/Users/yuanweipeng/Downloads/jwpd/jwpd-dao/target/classes/datasource/test.xml] 
[20:33:47][INFO][org.springframework.context.support.GenericApplicationContext]- Refreshing org.springframework.context.support.GenericApplicationContext@100fc185: startup date [Tue Sep 05 20:33:47 CST 2017]; root of context hierarchy 
[20:33:47][INFO][org.springframework.context.support.PropertySourcesPlaceholderConfigurer]- Loading properties file from class path resource [mybatis/jdbc.properties] 
[20:33:47][INFO][com.mchange.v2.log.MLog]- MLog clients using slf4j logging. 
[20:33:47][INFO][com.mchange.v2.c3p0.C3P0Registry]- Initializing c3p0-0.9.5 [built 02-January-2015 13:25:04 -0500; debug? true; trace: 10] 
[20:33:48][INFO][com.mchange.v2.c3p0.impl.AbstractPoolBackedDataSource]- Initializing c3p0 pool... com.mchange.v2.c3p0.ComboPooledDataSource [ acquireIncrement -> 3, acquireRetryAttempts -> 30, acquireRetryDelay -> 1000, autoCommitOnClose -> false, automaticTestTable -> null, breakAfterAcquireFailure -> false, checkoutTimeout -> 0, connectionCustomizerClassName -> null, connectionTesterClassName -> com.mchange.v2.c3p0.impl.DefaultConnectionTester, contextClassLoaderSource -> caller, dataSourceName -> 1hge2id9qmrebtq1rztoz8|2a65fe7c, debugUnreturnedConnectionStackTraces -> false, description -> null, driverClass -> com.mysql.jdbc.Driver, extensions -> {}, factoryClassLocation -> null, forceIgnoreUnresolvedTransactions -> false, forceUseNamedDriverClass -> false, identityToken -> 1hge2id9qmrebtq1rztoz8|2a65fe7c, idleConnectionTestPeriod -> 600, initialPoolSize -> 20, jdbcUrl -> jdbc:mysql://127.0.0.1:3306/test?useUnicode=true&characterEncoding=utf-8, maxAdministrativeTaskTime -> 0, maxConnectionAge -> 0, maxIdleTime -> 0, maxIdleTimeExcessConnections -> 0, maxPoolSize -> 20, maxStatements -> 0, maxStatementsPerConnection -> 0, minPoolSize -> 20, numHelperThreads -> 3, preferredTestQuery -> null, privilegeSpawnedThreads -> false, properties -> {user=******, password=******}, propertyCycle -> 0, statementCacheNumDeferredCloseThreads -> 0, testConnectionOnCheckin -> false, testConnectionOnCheckout -> false, unreturnedConnectionTimeout -> 0, userOverrides -> {}, usesTraditionalReflectiveProxies -> false ] 
[20:33:48][DEBUG][com.zjut.dao.statistic.HourAverageValueDao.get]- ==>  Preparing: SELECT * FROM hour_avg_value WHERE created_time < ? AND created_time >= ?  
[20:33:48][DEBUG][com.zjut.dao.statistic.HourAverageValueDao.get]- ==> Parameters: 2017-09-06 20:33:48.024(Timestamp), 2017-09-05 20:33:48.024(Timestamp) 
[20:33:48][DEBUG][com.zjut.dao.statistic.HourAverageValueDao.get]- <==      Total: 0 
[20:33:48][DEBUG][com.zjut.dao.statistic.HourAverageValueDao.insert]- ==>  Preparing: INSERT INTO hour_avg_value(avg_value, created_time) VALUES (?, ?)  
[20:33:48][DEBUG][com.zjut.dao.statistic.HourAverageValueDao.insert]- ==> Parameters: 12(Integer), 2017-09-05 20:33:48.582(Timestamp) 
[20:33:48][DEBUG][com.zjut.dao.statistic.HourAverageValueDao.insert]- <==    Updates: 1 
[20:33:48][INFO][org.springframework.context.support.GenericApplicationContext]- Closing org.springframework.context.support.GenericApplicationContext@100fc185: startup date [Tue Sep 05 20:33:47 CST 2017]; root of context hierarchy 
[21:28:25][INFO][org.springframework.test.context.TestContextManager]- @TestExecutionListeners is not present for class [class com.zjut.dao.HourAverageValueDaoTest]: using defaults. 
[21:28:25][INFO][org.springframework.beans.factory.xml.XmlBeanDefinitionReader]- Loading XML bean definitions from class path resource [spring-mybatis.xml] 
[21:28:25][INFO][org.springframework.beans.factory.xml.XmlBeanDefinitionReader]- Loading XML bean definitions from URL [file:/Users/yuanweipeng/Downloads/jwpd/jwpd-dao/target/classes/datasource/test.xml] 
[21:28:25][INFO][org.springframework.context.support.GenericApplicationContext]- Refreshing org.springframework.context.support.GenericApplicationContext@100fc185: startup date [Tue Sep 05 21:28:25 CST 2017]; root of context hierarchy 
[21:28:25][INFO][org.springframework.context.support.PropertySourcesPlaceholderConfigurer]- Loading properties file from class path resource [mybatis/jdbc.properties] 
[21:28:25][INFO][com.mchange.v2.log.MLog]- MLog clients using slf4j logging. 
[21:28:26][INFO][com.mchange.v2.c3p0.C3P0Registry]- Initializing c3p0-0.9.5 [built 02-January-2015 13:25:04 -0500; debug? true; trace: 10] 
[21:28:26][INFO][com.mchange.v2.c3p0.impl.AbstractPoolBackedDataSource]- Initializing c3p0 pool... com.mchange.v2.c3p0.ComboPooledDataSource [ acquireIncrement -> 3, acquireRetryAttempts -> 30, acquireRetryDelay -> 1000, autoCommitOnClose -> false, automaticTestTable -> null, breakAfterAcquireFailure -> false, checkoutTimeout -> 0, connectionCustomizerClassName -> null, connectionTesterClassName -> com.mchange.v2.c3p0.impl.DefaultConnectionTester, contextClassLoaderSource -> caller, dataSourceName -> 1hge2id9qmtcli3xi3cd1|7d8995e, debugUnreturnedConnectionStackTraces -> false, description -> null, driverClass -> com.mysql.jdbc.Driver, extensions -> {}, factoryClassLocation -> null, forceIgnoreUnresolvedTransactions -> false, forceUseNamedDriverClass -> false, identityToken -> 1hge2id9qmtcli3xi3cd1|7d8995e, idleConnectionTestPeriod -> 600, initialPoolSize -> 20, jdbcUrl -> jdbc:mysql://127.0.0.1:3306/test?useUnicode=true&characterEncoding=utf-8, maxAdministrativeTaskTime -> 0, maxConnectionAge -> 0, maxIdleTime -> 0, maxIdleTimeExcessConnections -> 0, maxPoolSize -> 20, maxStatements -> 0, maxStatementsPerConnection -> 0, minPoolSize -> 20, numHelperThreads -> 3, preferredTestQuery -> null, privilegeSpawnedThreads -> false, properties -> {user=******, password=******}, propertyCycle -> 0, statementCacheNumDeferredCloseThreads -> 0, testConnectionOnCheckin -> false, testConnectionOnCheckout -> false, unreturnedConnectionTimeout -> 0, userOverrides -> {}, usesTraditionalReflectiveProxies -> false ] 
[21:28:26][DEBUG][com.zjut.dao.statistic.HourAverageValueDao.get]- ==>  Preparing: SELECT * FROM hour_avg_value WHERE created_time < ? AND created_time >= ?  
[21:28:27][DEBUG][com.zjut.dao.statistic.HourAverageValueDao.get]- ==> Parameters: 2017-09-06 21:28:26.504(Timestamp), 2017-09-05 21:28:26.504(Timestamp) 
[21:28:27][DEBUG][com.zjut.dao.statistic.HourAverageValueDao.get]- <==      Total: 0 
[21:28:27][DEBUG][com.zjut.dao.statistic.HourAverageValueDao.insert]- ==>  Preparing: INSERT INTO hour_avg_value(avg_value, created_time) VALUES (?, ?)  
[21:28:27][DEBUG][com.zjut.dao.statistic.HourAverageValueDao.insert]- ==> Parameters: 12(Integer), 2017-09-05 21:28:27.097(Timestamp) 
[21:28:27][DEBUG][com.zjut.dao.statistic.HourAverageValueDao.insert]- <==    Updates: 1 
[21:28:27][INFO][org.springframework.context.support.GenericApplicationContext]- Closing org.springframework.context.support.GenericApplicationContext@100fc185: startup date [Tue Sep 05 21:28:25 CST 2017]; root of context hierarchy 
